<?xml version="1.0" encoding="UTF-8"?>
<testng-results skipped="0" failed="0" total="1" passed="1">
  <reporter-output>
  </reporter-output>
  <suite name="Default suite" duration-ms="53" started-at="2020-04-12T11:07:26Z" finished-at="2020-04-12T11:07:26Z">
    <groups>
    </groups>
    <test name="Default test" duration-ms="53" started-at="2020-04-12T11:07:26Z" finished-at="2020-04-12T11:07:26Z">
      <class name="Practice1.Excell1">
        <test-method status="PASS" signature="login()[pri:0, instance:Practice1.Excell1@2aafb23c]" name="login" duration-ms="17" started-at="2020-04-12T16:37:26Z" finished-at="2020-04-12T16:37:26Z">
          <reporter-output>
          </reporter-output>
        </test-method> <!-- login -->
      </class> <!-- Practice1.Excell1 -->
    </test> <!-- Default test -->
  </suite> <!-- Default suite -->
</testng-results>
